{"/Users/pengchangjun/Documents/mystudyprogram/test-study/src/math.js":{"path":"/Users/pengchangjun/Documents/mystudyprogram/test-study/src/math.js","s":{"1":1,"2":1,"3":1,"4":2,"5":2,"6":1,"7":1,"8":3,"9":1,"10":2,"11":1,"12":1},"b":{"1":[1,2],"2":[1,1]},"f":{"1":1,"2":2,"3":1},"fnMap":{"1":{"name":"min","line":1,"loc":{"start":{"line":1,"column":0},"end":{"line":1,"column":20}}},"2":{"name":"(anonymous_2)","line":6,"loc":{"start":{"line":6,"column":7},"end":{"line":6,"column":25}}},"3":{"name":"(anonymous_3)","line":11,"loc":{"start":{"line":11,"column":7},"end":{"line":11,"column":25}}}},"statementMap":{"1":{"start":{"line":1,"column":0},"end":{"line":3,"column":1}},"2":{"start":{"line":2,"column":2},"end":{"line":2,"column":21}},"3":{"start":{"line":5,"column":0},"end":{"line":25,"column":1}},"4":{"start":{"line":7,"column":4},"end":{"line":9,"column":6}},"5":{"start":{"line":8,"column":6},"end":{"line":8,"column":29}},"6":{"start":{"line":12,"column":4},"end":{"line":14,"column":6}},"7":{"start":{"line":13,"column":6},"end":{"line":13,"column":24}},"8":{"start":{"line":17,"column":4},"end":{"line":23,"column":5}},"9":{"start":{"line":18,"column":6},"end":{"line":18,"column":19}},"10":{"start":{"line":19,"column":11},"end":{"line":23,"column":5}},"11":{"start":{"line":20,"column":6},"end":{"line":20,"column":19}},"12":{"start":{"line":22,"column":6},"end":{"line":22,"column":23}}},"branchMap":{"1":{"line":17,"type":"if","locations":[{"start":{"line":17,"column":4},"end":{"line":17,"column":4}},{"start":{"line":17,"column":4},"end":{"line":17,"column":4}}]},"2":{"line":19,"type":"if","locations":[{"start":{"line":19,"column":11},"end":{"line":19,"column":11}},{"start":{"line":19,"column":11},"end":{"line":19,"column":11}}]}}}}